
Showing logs for build [32mjstrachan-nodey452-pr-2-txnv2[0m stage [32mfrom-build-pack[0m and container [32mstep-credential-initializer-zshdv[0m
{"level":"info","ts":1590666026.6920753,"logger":"fallback-logger","caller":"logging/config.go:69","msg":"Fetch GitHub commit ID from kodata failed: open /var/run/ko/refs/heads/0.8.0-ns-support: no such file or directory"}
{"level":"info","ts":1590666026.6928642,"logger":"fallback-logger","caller":"creds-init/main.go:40","msg":"Credentials initialized."}

Showing logs for build [32mjstrachan-nodey452-pr-2-txnv2[0m stage [32mfrom-build-pack[0m and container [32mstep-working-dir-initializer-nnw4x[0m
{"level":"info","ts":1590666028.040123,"logger":"fallback-logger","caller":"logging/config.go:69","msg":"Fetch GitHub commit ID from kodata failed: open /var/run/ko/HEAD: no such file or directory"}
{"level":"info","ts":1590666028.0416656,"logger":"fallback-logger","caller":"bash/main.go:64","msg":"Successfully executed command \"sh -c mkdir -p /workspace/source\"; output "}

Showing logs for build [32mjstrachan-nodey452-pr-2-txnv2[0m stage [32mfrom-build-pack[0m and container [32mstep-place-tools[0m

Showing logs for build [32mjstrachan-nodey452-pr-2-txnv2[0m stage [32mfrom-build-pack[0m and container [32mstep-git-clone[0m
Cloning into 'source'...
cloned url: https://github.com/jstrachan/nodey452 to dir: source
error: pathspec 'PR-2' did not match any file(s) known to git
checked out revision: PR-2 to dir: source

Showing logs for build [32mjstrachan-nodey452-pr-2-txnv2[0m stage [32mfrom-build-pack[0m and container [32mstep-git-merge[0m
WARNING: no SHAs to merge, falling back to initial cloned commit

Showing logs for build [32mjstrachan-nodey452-pr-2-txnv2[0m stage [32mfrom-build-pack[0m and container [32mstep-build-npmrc[0m
Command "credential" is deprecated, it will be removed on Jun 1 2020.  This is replaced by Tekton's mounted secrets
WARNING: failed to find Secret npm-token in namespace **

Showing logs for build [32mjstrachan-nodey452-pr-2-txnv2[0m stage [32mfrom-build-pack[0m and container [32mstep-build-npm-install[0m
npm notice created a lockfile as package-lock.json. You should commit this file.
npm WARN REPLACE_ME@1.0.0 No repository field.
npm WARN REPLACE_ME@1.0.0 No license field.

up to date in 0.352s
found 0 vulnerabilities


Showing logs for build [32mjstrachan-nodey452-pr-2-txnv2[0m stage [32mfrom-build-pack[0m and container [32mstep-build-npm-test[0m

> REPLACE_ME@1.0.0 test /workspace/source
> echo "no test specified" && exit 0

no test specified

Showing logs for build [32mjstrachan-nodey452-pr-2-txnv2[0m stage [32mfrom-build-pack[0m and container [32mstep-build-container-build[0m
ERROR: logging before flag.Parse: E0528 11:40:41.740266      10 metadata.go:241] Failed to unmarshal scopes: json: cannot unmarshal string into Go value of type []string
[36mINFO[0m[0000] Resolved base name node:9-slim to node:9-slim 
[36mINFO[0m[0000] Using dockerignore file: /workspace/source/.dockerignore 
[36mINFO[0m[0000] Resolved base name node:9-slim to node:9-slim 
[36mINFO[0m[0000] Retrieving image manifest node:9-slim        
ERROR: logging before flag.Parse: E0528 11:40:42.056998      10 metadata.go:142] while reading 'google-dockercfg' metadata: http status code: 404 while fetching url http://metadata.google.internal./computeMetadata/v1/instance/attributes/google-dockercfg
ERROR: logging before flag.Parse: E0528 11:40:42.059013      10 metadata.go:159] while reading 'google-dockercfg-url' metadata: http status code: 404 while fetching url http://metadata.google.internal./computeMetadata/v1/instance/attributes/google-dockercfg-url
[36mINFO[0m[0001] Retrieving image manifest node:9-slim        
[36mINFO[0m[0002] Built cross stage deps: map[]                
[36mINFO[0m[0002] Retrieving image manifest node:9-slim        
[36mINFO[0m[0003] Retrieving image manifest node:9-slim        
[36mINFO[0m[0004] cmd: EXPOSE                                  
[36mINFO[0m[0004] Adding exposed port: 8080/tcp                
[36mINFO[0m[0004] Checking for cached layer gcr.io/jstrachan-multicluster/cache:0991799e03be054a2613a6e731f6ca581cbd8e09de08101bc2afdf2ed3bd0ed6... 
[36mINFO[0m[0004] No cached layer found for cmd COPY . .       
[36mINFO[0m[0004] Unpacking rootfs as cmd COPY . . requires it. 
[36mINFO[0m[0009] Taking snapshot of full filesystem...        
[36mINFO[0m[0011] Resolving paths                              
[36mINFO[0m[0013] ENV PORT 8080                                
[36mINFO[0m[0013] No files changed in this command, skipping snapshotting. 
[36mINFO[0m[0013] EXPOSE 8080                                  
[36mINFO[0m[0013] cmd: EXPOSE                                  
[36mINFO[0m[0013] Adding exposed port: 8080/tcp                
[36mINFO[0m[0013] No files changed in this command, skipping snapshotting. 
[36mINFO[0m[0013] WORKDIR /usr/src/app                         
[36mINFO[0m[0013] cmd: workdir                                 
[36mINFO[0m[0013] Changed working directory to /usr/src/app    
[36mINFO[0m[0013] Creating directory /usr/src/app              
[36mINFO[0m[0013] Resolving paths                              
[36mINFO[0m[0013] Taking snapshot of files...                  
[36mINFO[0m[0013] COPY . .                                     
[36mINFO[0m[0013] Resolving paths                              
[36mINFO[0m[0013] Taking snapshot of files...                  
[36mINFO[0m[0013] CMD ["npm", "start"]                         
[36mINFO[0m[0013] No files changed in this command, skipping snapshotting. 
[36mINFO[0m[0013] Pushing layer gcr.io/jstrachan-multicluster/cache:0991799e03be054a2613a6e731f6ca581cbd8e09de08101bc2afdf2ed3bd0ed6 to cache now 

Showing logs for build [32mjstrachan-nodey452-pr-2-txnv2[0m stage [32mfrom-build-pack[0m and container [32mstep-promote-make-preview[0m
sed -i -e "s/version:.*/version: 0.0.1/" Chart.yaml
sed -i -e "s/version:.*/version: 0.0.1/" ../*/Chart.yaml
sed -i -e "s|repository:.*|repository: gcr.io\/jstrachan-multicluster\/nodey452|" values.yaml
sed -i -e "s/tag:.*/tag: 0.0.1/" values.yaml
echo "  version: 0.0.1" >> requirements.yaml
** step helm build
Adding missing Helm repo: storage.googleapis.com https://storage.googleapis.com/chartmuseum.jenkins-x.io
Successfully added Helm repository storage.googleapis.com.
Adding missing Helm repo: bucketrepo http://bucketrepo/bucketrepo/charts/
Successfully added Helm repository bucketrepo.

Showing logs for build [32mjstrachan-nodey452-pr-2-txnv2[0m stage [32mfrom-build-pack[0m and container [32mstep-promote-jx-preview[0m
Creating a preview
Found commit author match for: jstrachan with email address: james.strachan@gmail.com
expose:
  Annotations:
    helm.sh/hook: post-install,post-upgrade
    helm.sh/hook-delete-policy: hook-succeeded
  config:
    domain: 34.76.161.100.nip.io
    exposer: Ingress
    http: "true"
preview:
  image:
    repository: gcr.io/jstrachan-multicluster/nodey452
    tag: 0.0.1
adding helm values file /workspace/source/charts/preview/**Requirements.values.yaml for namespace **-jstrachan-nodey452-pr-2
Updating PipelineActivities jstrachan-nodey452-pr-2-1 which has status Running
Preview application is now available at: http://nodey452-**-jstrachan-nodey452-pr-2.34.76.161.100.nip.io
