
Showing logs for build [32mmeta-jstrachan-nodey452-pr-2-pr-w9kv6-2[0m stage [32mmeta-pipeline[0m and container [32mstep-credential-initializer-wxfxl[0m
{"level":"info","ts":1589904761.1794705,"logger":"fallback-logger","caller":"logging/config.go:69","msg":"Fetch GitHub commit ID from kodata failed: open /var/run/ko/refs/heads/0.8.0-ns-support: no such file or directory"}
{"level":"info","ts":1589904761.1801646,"logger":"fallback-logger","caller":"creds-init/main.go:40","msg":"Credentials initialized."}

Showing logs for build [32mmeta-jstrachan-nodey452-pr-2-pr-w9kv6-2[0m stage [32mmeta-pipeline[0m and container [32mstep-working-dir-initializer-zf48b[0m
{"level":"info","ts":1589904762.2360656,"logger":"fallback-logger","caller":"logging/config.go:69","msg":"Fetch GitHub commit ID from kodata failed: open /var/run/ko/HEAD: no such file or directory"}
{"level":"info","ts":1589904762.2373939,"logger":"fallback-logger","caller":"bash/main.go:64","msg":"Successfully executed command \"sh -c mkdir -p /workspace/source\"; output "}

Showing logs for build [32mmeta-jstrachan-nodey452-pr-2-pr-w9kv6-2[0m stage [32mmeta-pipeline[0m and container [32mstep-place-tools[0m

Showing logs for build [32mmeta-jstrachan-nodey452-pr-2-pr-w9kv6-2[0m stage [32mmeta-pipeline[0m and container [32mstep-git-source-meta-jstrachan-nodey452-pr-2-pr-w9kv6-cq8kl[0m
{"level":"info","ts":1589904767.3206804,"logger":"fallback-logger","caller":"logging/config.go:69","msg":"Fetch GitHub commit ID from kodata failed: open /var/run/ko/refs/heads/0.8.0-ns-support: no such file or directory"}
{"level":"info","ts":1589904768.040012,"logger":"fallback-logger","caller":"git/git.go:103","msg":"Successfully cloned https://github.com/jstrachan/nodey452.git @ bde2f9450df9823c58c10e159df99e715c9661e2 in path /workspace/source"}

Showing logs for build [32mmeta-jstrachan-nodey452-pr-2-pr-w9kv6-2[0m stage [32mmeta-pipeline[0m and container [32mstep-git-merge[0m
Using SHAs from PULL_REFS=master:bde2f9450df9823c58c10e159df99e715c9661e2,2:3b6f6998ad7552dcf8111b9d32b3aaa8d9cd699b
DEBUG: LC_ALL=C JX_LOG_LEVEL=error git fetch origin --unshallow 3b6f6998ad7552dcf8111b9d32b3aaa8d9cd699b: bde2f9450df9823c58c10e159df99e715c9661e2:
DEBUG: ran git fetch --unshallow origin 3b6f6998ad7552dcf8111b9d32b3aaa8d9cd699b: bde2f9450df9823c58c10e159df99e715c9661e2: in 
DEBUG: LC_ALL=C JX_LOG_LEVEL=error git branch
DEBUG: LC_ALL=C JX_LOG_LEVEL=error git checkout master
DEBUG: ran git checkout master in 
DEBUG: JX_LOG_LEVEL=error LC_ALL=C git reset --hard bde2f9450df9823c58c10e159df99e715c9661e2
DEBUG: ran git reset --hard bde2f9450df9823c58c10e159df99e715c9661e2 in 
DEBUG: LC_ALL=C JX_LOG_LEVEL=error git clean -fd .
DEBUG: ran clean --force -d . in 
DEBUG: LC_ALL=C JX_LOG_LEVEL=error git merge 3b6f6998ad7552dcf8111b9d32b3aaa8d9cd699b
DEBUG: ran git merge 3b6f6998ad7552dcf8111b9d32b3aaa8d9cd699b in 
DEBUG: JX_LOG_LEVEL=error LC_ALL=C git log --format=%H%x1f%an%x1f%ae%x1f%cn%x1f%ce%x1f%s%n%b%x1e bde2f9450df9823c58c10e159df99e715c9661e2..HEAD
Merged SHA 3b6f6998ad7552dcf8111b9d32b3aaa8d9cd699b with commit message 'Update index.html' into base branch master
Merged SHA ea82231f04915dfa98878374c79dbd845ea59f6b with commit message 'Update index.html' into base branch master

Showing logs for build [32mmeta-jstrachan-nodey452-pr-2-pr-w9kv6-2[0m stage [32mmeta-pipeline[0m and container [32mstep-merge-pull-refs[0m
DEBUG: LC_ALL=C JX_LOG_LEVEL=error git fetch origin --unshallow 3b6f6998ad7552dcf8111b9d32b3aaa8d9cd699b: bde2f9450df9823c58c10e159df99e715c9661e2:
DEBUG: LC_ALL=C JX_LOG_LEVEL=error git fetch origin 3b6f6998ad7552dcf8111b9d32b3aaa8d9cd699b: bde2f9450df9823c58c10e159df99e715c9661e2:
DEBUG: ran git fetch origin 3b6f6998ad7552dcf8111b9d32b3aaa8d9cd699b: bde2f9450df9823c58c10e159df99e715c9661e2: in 
DEBUG: LC_ALL=C JX_LOG_LEVEL=error git rev-parse --is-shallow-repository
DEBUG: Unshallowed git repo in 
DEBUG: LC_ALL=C JX_LOG_LEVEL=error git branch
DEBUG: LC_ALL=C JX_LOG_LEVEL=error git checkout master
DEBUG: ran git checkout master in 
DEBUG: LC_ALL=C JX_LOG_LEVEL=error git reset --hard bde2f9450df9823c58c10e159df99e715c9661e2
DEBUG: ran git reset --hard bde2f9450df9823c58c10e159df99e715c9661e2 in 
DEBUG: LC_ALL=C JX_LOG_LEVEL=error git clean -fd .
DEBUG: ran clean --force -d . in 
DEBUG: LC_ALL=C JX_LOG_LEVEL=error git merge 3b6f6998ad7552dcf8111b9d32b3aaa8d9cd699b
DEBUG: ran git merge 3b6f6998ad7552dcf8111b9d32b3aaa8d9cd699b in 
DEBUG: LC_ALL=C JX_LOG_LEVEL=error git log --format=%H%x1f%an%x1f%ae%x1f%cn%x1f%ce%x1f%s%n%b%x1e bde2f9450df9823c58c10e159df99e715c9661e2..HEAD
Merged SHA 3b6f6998ad7552dcf8111b9d32b3aaa8d9cd699b with commit message 'Update index.html' into base branch master
Merged SHA ea82231f04915dfa98878374c79dbd845ea59f6b with commit message 'Update index.html' into base branch master

Showing logs for build [32mmeta-jstrachan-nodey452-pr-2-pr-w9kv6-2[0m stage [32mmeta-pipeline[0m and container [32mstep-create-effective-pipeline[0m
panic: runtime error: in***** memory address or nil pointer dereference
[signal SIGSEGV: segmentation violation code=0x1 addr=0x18 pc=0x124b044]

goroutine 1 [running]:
github.com/jenkins-x/**/pkg/tekton/syntax.(*Agent).GetImage(...)
	/go/src/github.com/jenkins-x-labs/**/pkg/tekton/syntax/pipeline.go:445
github.com/jenkins-x/**/pkg/jenkinsfile.(*PipelineConfig).createPipelineSteps(0xc000bd7880, 0xc000d44d00, 0x4b22d2f, 0x5, 0xc00063b880, 0xc000acae40, 0x0, 0x0, 0x4b7fd4f, 0x1f, ...)
	/go/src/github.com/jenkins-x-labs/**/pkg/jenkinsfile/pipeline.go:801 +0x54
github.com/jenkins-x/**/pkg/jenkinsfile.(*PipelineConfig).createStageForBuildPack(0xc000bd7880, 0xc00063b880, 0xc000acae40, 0x0, 0x0, 0x4b7fd4f, 0x1f, 0xc000d96dc0, 0x11, 0xc000c22d28, ...)
	/go/src/github.com/jenkins-x-labs/**/pkg/jenkinsfile/pipeline.go:901 +0x264
github.com/jenkins-x/**/pkg/jenkinsfile.(*PipelineConfig).CreatePipelineForBuildPack(0xc000bd7880, 0xc00063b880, 0xc000acae40, 0x0, 0x0, 0x4b7fd4f, 0x1f, 0xc000d96dc0, 0x11, 0xc000c22d28, ...)
	/go/src/github.com/jenkins-x-labs/**/pkg/jenkinsfile/pipeline.go:924 +0x159
github.com/jenkins-x/**/pkg/cmd/step/syntax.(*StepSyntaxEffectiveOptions).createPipelineForKind(0xc0000e6360, 0x4b26e9c, 0x7, 0xc00063b880, 0xc00063b900, 0xc00063b880, 0x0, 0x0, 0x0, 0x0, ...)
	/go/src/github.com/jenkins-x-labs/**/pkg/cmd/step/syntax/step_syntax_effective.go:425 +0xbfe
github.com/jenkins-x/**/pkg/cmd/step/syntax.(*StepSyntaxEffectiveOptions).CreateEffectivePipeline(0xc0000e6360, 0xc0008ee960, 0x45, 0xc000af4160, 0xc000c08680, 0x1f, 0xc000b7d250, 0x45, 0x0, 0x0)
	/go/src/github.com/jenkins-x-labs/**/pkg/cmd/step/syntax/step_syntax_effective.go:350 +0x477
github.com/jenkins-x/**/pkg/cmd/step/syntax.(*StepSyntaxEffectiveOptions).Run(0xc0000e6360, 0x0, 0x0)
	/go/src/github.com/jenkins-x-labs/**/pkg/cmd/step/syntax/step_syntax_effective.go:239 +0x54a
github.com/jenkins-x/**/pkg/cmd/step/syntax.NewCmdStepSyntaxEffective.func1(0xc000b9a780, 0xc0003be000, 0x0, 0x24)
	/go/src/github.com/jenkins-x-labs/**/pkg/cmd/step/syntax/step_syntax_effective.go:93 +0x6f
github.com/spf13/cobra.(*Command).execute(0xc000b9a780, 0xc0003bb8c0, 0x24, 0x24, 0xc000b9a780, 0xc0003bb8c0)
	/go/pkg/mod/github.com/spf13/cobra@v0.0.5/command.go:830 +0x2ae
github.com/spf13/cobra.(*Command).ExecuteC(0xc000022780, 0xc0001e2e00, 0x5822f80, 0xc00000e010)
	/go/pkg/mod/github.com/spf13/cobra@v0.0.5/command.go:914 +0x2fc
github.com/spf13/cobra.(*Command).Execute(...)
	/go/pkg/mod/github.com/spf13/cobra@v0.0.5/command.go:864
github.com/jenkins-x/**/cmd/**/app.Run(0x0, 0x0, 0x0, 0xc0008cbf88, 0xc0000b2058)
	/go/src/github.com/jenkins-x-labs/**/cmd/**/app/**.go:19 +0x185
main.main()
	/go/src/github.com/jenkins-x-labs/**/cmd/**/**.go:11 +0x32
[31m
Pipeline failed on stage 'meta-pipeline' : container 'step-create-effective-pipeline'. The execution of the pipeline has stopped.[0m
