
Showing logs for build [32mmeta-jstrachan-nodey452-pr-2-pr-w67gt-4[0m stage [32mmeta-pipeline[0m and container [32mstep-credential-initializer-gsb9t[0m
{"level":"info","ts":1589911646.1342945,"logger":"fallback-logger","caller":"logging/config.go:69","msg":"Fetch GitHub commit ID from kodata failed: open /var/run/ko/refs/heads/0.8.0-ns-support: no such file or directory"}
{"level":"info","ts":1589911646.1350193,"logger":"fallback-logger","caller":"creds-init/main.go:40","msg":"Credentials initialized."}

Showing logs for build [32mmeta-jstrachan-nodey452-pr-2-pr-w67gt-4[0m stage [32mmeta-pipeline[0m and container [32mstep-working-dir-initializer-4f2wn[0m
{"level":"info","ts":1589911647.10332,"logger":"fallback-logger","caller":"logging/config.go:69","msg":"Fetch GitHub commit ID from kodata failed: open /var/run/ko/HEAD: no such file or directory"}
{"level":"info","ts":1589911647.1051028,"logger":"fallback-logger","caller":"bash/main.go:64","msg":"Successfully executed command \"sh -c mkdir -p /workspace/source\"; output "}

Showing logs for build [32mmeta-jstrachan-nodey452-pr-2-pr-w67gt-4[0m stage [32mmeta-pipeline[0m and container [32mstep-place-tools[0m

Showing logs for build [32mmeta-jstrachan-nodey452-pr-2-pr-w67gt-4[0m stage [32mmeta-pipeline[0m and container [32mstep-git-source-meta-jstrachan-nodey452-pr-2-pr-w67gt-kgm8c[0m
{"level":"info","ts":1589911654.210902,"logger":"fallback-logger","caller":"logging/config.go:69","msg":"Fetch GitHub commit ID from kodata failed: open /var/run/ko/refs/heads/0.8.0-ns-support: no such file or directory"}
{"level":"info","ts":1589911654.9580643,"logger":"fallback-logger","caller":"git/git.go:103","msg":"Successfully cloned https://github.com/jstrachan/nodey452.git @ bde2f9450df9823c58c10e159df99e715c9661e2 in path /workspace/source"}

Showing logs for build [32mmeta-jstrachan-nodey452-pr-2-pr-w67gt-4[0m stage [32mmeta-pipeline[0m and container [32mstep-git-merge[0m
Using SHAs from PULL_REFS=master:bde2f9450df9823c58c10e159df99e715c9661e2,2:ffeba8bfbef1a4328f9fe959dbcf7e2c37772056
DEBUG: LC_ALL=C JX_LOG_LEVEL=error git fetch origin --unshallow ffeba8bfbef1a4328f9fe959dbcf7e2c37772056: bde2f9450df9823c58c10e159df99e715c9661e2:
DEBUG: ran git fetch --unshallow origin ffeba8bfbef1a4328f9fe959dbcf7e2c37772056: bde2f9450df9823c58c10e159df99e715c9661e2: in 
DEBUG: LC_ALL=C JX_LOG_LEVEL=error git branch
DEBUG: JX_LOG_LEVEL=error LC_ALL=C git checkout master
DEBUG: ran git checkout master in 
DEBUG: LC_ALL=C JX_LOG_LEVEL=error git reset --hard bde2f9450df9823c58c10e159df99e715c9661e2
DEBUG: ran git reset --hard bde2f9450df9823c58c10e159df99e715c9661e2 in 
DEBUG: LC_ALL=C JX_LOG_LEVEL=error git clean -fd .
DEBUG: ran clean --force -d . in 
DEBUG: LC_ALL=C JX_LOG_LEVEL=error git merge ffeba8bfbef1a4328f9fe959dbcf7e2c37772056
DEBUG: ran git merge ffeba8bfbef1a4328f9fe959dbcf7e2c37772056 in 
DEBUG: LC_ALL=C JX_LOG_LEVEL=error git log --format=%H%x1f%an%x1f%ae%x1f%cn%x1f%ce%x1f%s%n%b%x1e bde2f9450df9823c58c10e159df99e715c9661e2..HEAD
Merged SHA ffeba8bfbef1a4328f9fe959dbcf7e2c37772056 with commit message 'Update index.html' into base branch master
Merged SHA 342d0b458fc6ebfe3c18ffd1a60a0d02a72d0bfe with commit message 'Update index.html' into base branch master
Merged SHA 3b6f6998ad7552dcf8111b9d32b3aaa8d9cd699b with commit message 'Update index.html' into base branch master
Merged SHA ea82231f04915dfa98878374c79dbd845ea59f6b with commit message 'Update index.html' into base branch master

Showing logs for build [32mmeta-jstrachan-nodey452-pr-2-pr-w67gt-4[0m stage [32mmeta-pipeline[0m and container [32mstep-merge-pull-refs[0m
DEBUG: LC_ALL=C JX_LOG_LEVEL=error git fetch origin --unshallow ffeba8bfbef1a4328f9fe959dbcf7e2c37772056: bde2f9450df9823c58c10e159df99e715c9661e2:
DEBUG: LC_ALL=C JX_LOG_LEVEL=error git fetch origin ffeba8bfbef1a4328f9fe959dbcf7e2c37772056: bde2f9450df9823c58c10e159df99e715c9661e2:
DEBUG: ran git fetch origin ffeba8bfbef1a4328f9fe959dbcf7e2c37772056: bde2f9450df9823c58c10e159df99e715c9661e2: in 
DEBUG: LC_ALL=C JX_LOG_LEVEL=error git rev-parse --is-shallow-repository
DEBUG: Unshallowed git repo in 
DEBUG: LC_ALL=C JX_LOG_LEVEL=error git branch
DEBUG: LC_ALL=C JX_LOG_LEVEL=error git checkout master
DEBUG: ran git checkout master in 
DEBUG: LC_ALL=C JX_LOG_LEVEL=error git reset --hard bde2f9450df9823c58c10e159df99e715c9661e2
DEBUG: ran git reset --hard bde2f9450df9823c58c10e159df99e715c9661e2 in 
DEBUG: LC_ALL=C JX_LOG_LEVEL=error git clean -fd .
DEBUG: ran clean --force -d . in 
DEBUG: LC_ALL=C JX_LOG_LEVEL=error git merge ffeba8bfbef1a4328f9fe959dbcf7e2c37772056
DEBUG: ran git merge ffeba8bfbef1a4328f9fe959dbcf7e2c37772056 in 
DEBUG: LC_ALL=C JX_LOG_LEVEL=error git log --format=%H%x1f%an%x1f%ae%x1f%cn%x1f%ce%x1f%s%n%b%x1e bde2f9450df9823c58c10e159df99e715c9661e2..HEAD
Merged SHA ffeba8bfbef1a4328f9fe959dbcf7e2c37772056 with commit message 'Update index.html' into base branch master
Merged SHA 342d0b458fc6ebfe3c18ffd1a60a0d02a72d0bfe with commit message 'Update index.html' into base branch master
Merged SHA 3b6f6998ad7552dcf8111b9d32b3aaa8d9cd699b with commit message 'Update index.html' into base branch master
Merged SHA ea82231f04915dfa98878374c79dbd845ea59f6b with commit message 'Update index.html' into base branch master

Showing logs for build [32mmeta-jstrachan-nodey452-pr-2-pr-w67gt-4[0m stage [32mmeta-pipeline[0m and container [32mstep-create-effective-pipeline[0m
panic: runtime error: in***** memory address or nil pointer dereference
[signal SIGSEGV: segmentation violation code=0x1 addr=0x18 pc=0x124b044]

goroutine 1 [running]:
github.com/jenkins-x/**/pkg/tekton/syntax.(*Agent).GetImage(...)
	/go/src/github.com/jenkins-x-labs/**/pkg/tekton/syntax/pipeline.go:445
github.com/jenkins-x/**/pkg/jenkinsfile.(*PipelineConfig).createPipelineSteps(0xc000aca600, 0xc000a0ef00, 0x4b22d2f, 0x5, 0xc0009c8600, 0xc000d1d5f0, 0x0, 0x0, 0x4b7fd4f, 0x1f, ...)
	/go/src/github.com/jenkins-x-labs/**/pkg/jenkinsfile/pipeline.go:801 +0x54
github.com/jenkins-x/**/pkg/jenkinsfile.(*PipelineConfig).createStageForBuildPack(0xc000aca600, 0xc0009c8600, 0xc000d1d5f0, 0x0, 0x0, 0x4b7fd4f, 0x1f, 0xc000c5c560, 0x11, 0xc000a48428, ...)
	/go/src/github.com/jenkins-x-labs/**/pkg/jenkinsfile/pipeline.go:901 +0x264
github.com/jenkins-x/**/pkg/jenkinsfile.(*PipelineConfig).CreatePipelineForBuildPack(0xc000aca600, 0xc0009c8600, 0xc000d1d5f0, 0x0, 0x0, 0x4b7fd4f, 0x1f, 0xc000c5c560, 0x11, 0xc000a48428, ...)
	/go/src/github.com/jenkins-x-labs/**/pkg/jenkinsfile/pipeline.go:924 +0x159
github.com/jenkins-x/**/pkg/cmd/step/syntax.(*StepSyntaxEffectiveOptions).createPipelineForKind(0xc00031e900, 0x4b26e9c, 0x7, 0xc0009c8600, 0xc0009c8580, 0xc0009c8600, 0x0, 0x0, 0x0, 0x0, ...)
	/go/src/github.com/jenkins-x-labs/**/pkg/cmd/step/syntax/step_syntax_effective.go:425 +0xbfe
github.com/jenkins-x/**/pkg/cmd/step/syntax.(*StepSyntaxEffectiveOptions).CreateEffectivePipeline(0xc00031e900, 0xc00061ae60, 0x45, 0xc0007f02c0, 0xc000054a00, 0x1f, 0xc0004c8a60, 0x45, 0x0, 0x0)
	/go/src/github.com/jenkins-x-labs/**/pkg/cmd/step/syntax/step_syntax_effective.go:350 +0x477
github.com/jenkins-x/**/pkg/cmd/step/syntax.(*StepSyntaxEffectiveOptions).Run(0xc00031e900, 0x0, 0x0)
	/go/src/github.com/jenkins-x-labs/**/pkg/cmd/step/syntax/step_syntax_effective.go:239 +0x54a
github.com/jenkins-x/**/pkg/cmd/step/syntax.NewCmdStepSyntaxEffective.func1(0xc000c08780, 0xc00037ab40, 0x0, 0x24)
	/go/src/github.com/jenkins-x-labs/**/pkg/cmd/step/syntax/step_syntax_effective.go:93 +0x6f
github.com/spf13/cobra.(*Command).execute(0xc000c08780, 0xc00037a900, 0x24, 0x24, 0xc000c08780, 0xc00037a900)
	/go/pkg/mod/github.com/spf13/cobra@v0.0.5/command.go:830 +0x2ae
github.com/spf13/cobra.(*Command).ExecuteC(0xc0003fef00, 0xc0005d0140, 0x5822f80, 0xc00000e010)
	/go/pkg/mod/github.com/spf13/cobra@v0.0.5/command.go:914 +0x2fc
github.com/spf13/cobra.(*Command).Execute(...)
	/go/pkg/mod/github.com/spf13/cobra@v0.0.5/command.go:864
github.com/jenkins-x/**/cmd/**/app.Run(0x0, 0x0, 0x0, 0xc000905f88, 0xc0000b2058)
	/go/src/github.com/jenkins-x-labs/**/cmd/**/app/**.go:19 +0x185
main.main()
	/go/src/github.com/jenkins-x-labs/**/cmd/**/**.go:11 +0x32
[31m
Pipeline failed on stage 'meta-pipeline' : container 'step-create-effective-pipeline'. The execution of the pipeline has stopped.[0m
