
Showing logs for build [32mjstrachan-nodey452-pr-2-pr-buil-5pkjw-6[0m stage [32mfrom-build-pack[0m and container [32mstep-credential-initializer-vcnsc[0m
{"level":"info","ts":1589913066.2816825,"logger":"fallback-logger","caller":"logging/config.go:69","msg":"Fetch GitHub commit ID from kodata failed: open /var/run/ko/refs/heads/0.8.0-ns-support: no such file or directory"}
{"level":"info","ts":1589913066.2823606,"logger":"fallback-logger","caller":"creds-init/main.go:40","msg":"Credentials initialized."}

Showing logs for build [32mjstrachan-nodey452-pr-2-pr-buil-5pkjw-6[0m stage [32mfrom-build-pack[0m and container [32mstep-working-dir-initializer-kb4tr[0m
{"level":"info","ts":1589913067.300407,"logger":"fallback-logger","caller":"logging/config.go:69","msg":"Fetch GitHub commit ID from kodata failed: open /var/run/ko/HEAD: no such file or directory"}
{"level":"info","ts":1589913067.3014586,"logger":"fallback-logger","caller":"bash/main.go:64","msg":"Successfully executed command \"sh -c mkdir -p /workspace/source\"; output "}

Showing logs for build [32mjstrachan-nodey452-pr-2-pr-buil-5pkjw-6[0m stage [32mfrom-build-pack[0m and container [32mstep-place-tools[0m

Showing logs for build [32mjstrachan-nodey452-pr-2-pr-buil-5pkjw-6[0m stage [32mfrom-build-pack[0m and container [32mstep-git-source-jstrachan-nodey452-pr-2-pr-buil-5pkjw-h65f7[0m
{"level":"info","ts":1589913136.3660448,"logger":"fallback-logger","caller":"logging/config.go:69","msg":"Fetch GitHub commit ID from kodata failed: open /var/run/ko/refs/heads/0.8.0-ns-support: no such file or directory"}
{"level":"info","ts":1589913137.17408,"logger":"fallback-logger","caller":"git/git.go:103","msg":"Successfully cloned https://github.com/jstrachan/nodey452.git @ master in path /workspace/source"}

Showing logs for build [32mjstrachan-nodey452-pr-2-pr-buil-5pkjw-6[0m stage [32mfrom-build-pack[0m and container [32mstep-git-merge[0m
Using SHAs from PULL_REFS=master:bde2f9450df9823c58c10e159df99e715c9661e2,2:73121f8a0f047c2a43a5167bc9ca107a2e96f2dc
DEBUG: LC_ALL=C JX_LOG_LEVEL=error git fetch origin --unshallow 73121f8a0f047c2a43a5167bc9ca107a2e96f2dc: bde2f9450df9823c58c10e159df99e715c9661e2:
DEBUG: ran git fetch --unshallow origin 73121f8a0f047c2a43a5167bc9ca107a2e96f2dc: bde2f9450df9823c58c10e159df99e715c9661e2: in 
DEBUG: LC_ALL=C JX_LOG_LEVEL=error git branch
DEBUG: LC_ALL=C JX_LOG_LEVEL=error git checkout master
DEBUG: ran git checkout master in 
DEBUG: LC_ALL=C JX_LOG_LEVEL=error git reset --hard bde2f9450df9823c58c10e159df99e715c9661e2
DEBUG: ran git reset --hard bde2f9450df9823c58c10e159df99e715c9661e2 in 
DEBUG: LC_ALL=C JX_LOG_LEVEL=error git clean -fd .
DEBUG: ran clean --force -d . in 
DEBUG: LC_ALL=C JX_LOG_LEVEL=error git merge 73121f8a0f047c2a43a5167bc9ca107a2e96f2dc
DEBUG: ran git merge 73121f8a0f047c2a43a5167bc9ca107a2e96f2dc in 
DEBUG: LC_ALL=C JX_LOG_LEVEL=error git log --format=%H%x1f%an%x1f%ae%x1f%cn%x1f%ce%x1f%s%n%b%x1e bde2f9450df9823c58c10e159df99e715c9661e2..HEAD
Merged SHA 73121f8a0f047c2a43a5167bc9ca107a2e96f2dc with commit message 'Update index.html' into base branch master
Merged SHA e2f3ba9301a29287ef69df968fcc145d0d606493 with commit message 'Update index.html' into base branch master
Merged SHA ffeba8bfbef1a4328f9fe959dbcf7e2c37772056 with commit message 'Update index.html' into base branch master
Merged SHA 342d0b458fc6ebfe3c18ffd1a60a0d02a72d0bfe with commit message 'Update index.html' into base branch master
Merged SHA 3b6f6998ad7552dcf8111b9d32b3aaa8d9cd699b with commit message 'Update index.html' into base branch master
Merged SHA ea82231f04915dfa98878374c79dbd845ea59f6b with commit message 'Update index.html' into base branch master

Showing logs for build [32mjstrachan-nodey452-pr-2-pr-buil-5pkjw-6[0m stage [32mfrom-build-pack[0m and container [32mstep-build-step2[0m
hello tekton
