
Showing logs for build [32machan-patch-4-pullrequest-5tcj6[0m stage [32mfrom-build-pack[0m and container [32mstep-credential-initializer-95ptc[0m
{"level":"info","ts":1590579512.514063,"logger":"fallback-logger","caller":"logging/config.go:69","msg":"Fetch GitHub commit ID from kodata failed: open /var/run/ko/refs/heads/0.8.0-ns-support: no such file or directory"}
{"level":"info","ts":1590579512.5146577,"logger":"fallback-logger","caller":"creds-init/main.go:40","msg":"Credentials initialized."}

Showing logs for build [32machan-patch-4-pullrequest-5tcj6[0m stage [32mfrom-build-pack[0m and container [32mstep-working-dir-initializer-fbsv6[0m
{"level":"info","ts":1590579513.8293085,"logger":"fallback-logger","caller":"logging/config.go:69","msg":"Fetch GitHub commit ID from kodata failed: open /var/run/ko/HEAD: no such file or directory"}
{"level":"info","ts":1590579513.8312914,"logger":"fallback-logger","caller":"bash/main.go:64","msg":"Successfully executed command \"sh -c mkdir -p /workspace/source\"; output "}

Showing logs for build [32machan-patch-4-pullrequest-5tcj6[0m stage [32mfrom-build-pack[0m and container [32mstep-place-tools[0m

Showing logs for build [32machan-patch-4-pullrequest-5tcj6[0m stage [32mfrom-build-pack[0m and container [32mstep-git-clone[0m
Cloning into 'source'...
cloned url: https://github.com/jstrachan/nodey452 to dir: source
Switched to a new branch 'jstrachan-patch-4'
Branch 'jstrachan-patch-4' set up to track remote branch 'jstrachan-patch-4' from 'origin'.
checked out revision: jstrachan-patch-4 to dir: source

Showing logs for build [32machan-patch-4-pullrequest-5tcj6[0m stage [32mfrom-build-pack[0m and container [32mstep-git-merge[0m
WARNING: no SHAs to merge, falling back to initial cloned commit

Showing logs for build [32machan-patch-4-pullrequest-5tcj6[0m stage [32mfrom-build-pack[0m and container [32mstep-build-npmrc[0m
Command "credential" is deprecated, it will be removed on Jun 1 2020.  This is replaced by Tekton's mounted secrets
WARNING: failed to find Secret npm-token in namespace **

Showing logs for build [32machan-patch-4-pullrequest-5tcj6[0m stage [32mfrom-build-pack[0m and container [32mstep-build-npm-install[0m
npm notice created a lockfile as package-lock.json. You should commit this file.
npm WARN REPLACE_ME@1.0.0 No repository field.
npm WARN REPLACE_ME@1.0.0 No license field.

up to date in 0.366s
found 0 vulnerabilities


Showing logs for build [32machan-patch-4-pullrequest-5tcj6[0m stage [32mfrom-build-pack[0m and container [32mstep-build-npm-test[0m

> REPLACE_ME@1.0.0 test /workspace/source
> echo "no test specified" && exit 0

no test specified

Showing logs for build [32machan-patch-4-pullrequest-5tcj6[0m stage [32mfrom-build-pack[0m and container [32mstep-build-container-build[0m
ERROR: logging before flag.Parse: E0527 11:38:45.406376      10 metadata.go:241] Failed to unmarshal scopes: json: cannot unmarshal string into Go value of type []string
[36mINFO[0m[0000] Resolved base name node:9-slim to node:9-slim 
[36mINFO[0m[0000] Using dockerignore file: /workspace/source/.dockerignore 
[36mINFO[0m[0000] Resolved base name node:9-slim to node:9-slim 
[36mINFO[0m[0000] Retrieving image manifest node:9-slim        
ERROR: logging before flag.Parse: E0527 11:38:45.697426      10 metadata.go:142] while reading 'google-dockercfg' metadata: http status code: 404 while fetching url http://metadata.google.internal./computeMetadata/v1/instance/attributes/google-dockercfg
ERROR: logging before flag.Parse: E0527 11:38:45.699843      10 metadata.go:159] while reading 'google-dockercfg-url' metadata: http status code: 404 while fetching url http://metadata.google.internal./computeMetadata/v1/instance/attributes/google-dockercfg-url
[36mINFO[0m[0001] Retrieving image manifest node:9-slim        
[36mINFO[0m[0002] Built cross stage deps: map[]                
[36mINFO[0m[0002] Retrieving image manifest node:9-slim        
[36mINFO[0m[0003] Retrieving image manifest node:9-slim        
[36mINFO[0m[0004] cmd: EXPOSE                                  
[36mINFO[0m[0004] Adding exposed port: 8080/tcp                
[36mINFO[0m[0004] Checking for cached layer gcr.io/jstrachan-multicluster/cache:8f27234798eb8892360da5564110e768e652a58b6116ef238f62598816b3ca51... 
[36mINFO[0m[0005] No cached layer found for cmd COPY . .       
[36mINFO[0m[0005] Unpacking rootfs as cmd COPY . . requires it. 
[36mINFO[0m[0010] Taking snapshot of full filesystem...        
[36mINFO[0m[0012] Resolving paths                              
[36mINFO[0m[0013] ENV PORT 8080                                
[36mINFO[0m[0013] No files changed in this command, skipping snapshotting. 
[36mINFO[0m[0013] EXPOSE 8080                                  
[36mINFO[0m[0013] cmd: EXPOSE                                  
[36mINFO[0m[0013] Adding exposed port: 8080/tcp                
[36mINFO[0m[0013] No files changed in this command, skipping snapshotting. 
[36mINFO[0m[0013] WORKDIR /usr/src/app                         
[36mINFO[0m[0013] cmd: workdir                                 
[36mINFO[0m[0013] Changed working directory to /usr/src/app    
[36mINFO[0m[0013] Creating directory /usr/src/app              
[36mINFO[0m[0013] Resolving paths                              
[36mINFO[0m[0013] Taking snapshot of files...                  
[36mINFO[0m[0013] COPY . .                                     
[36mINFO[0m[0013] Resolving paths                              
[36mINFO[0m[0013] Taking snapshot of files...                  
[36mINFO[0m[0013] CMD ["npm", "start"]                         
[36mINFO[0m[0013] No files changed in this command, skipping snapshotting. 
[36mINFO[0m[0013] Pushing layer gcr.io/jstrachan-multicluster/cache:8f27234798eb8892360da5564110e768e652a58b6116ef238f62598816b3ca51 to cache now 

Showing logs for build [32machan-patch-4-pullrequest-5tcj6[0m stage [32mfrom-build-pack[0m and container [32mstep-promote-make-preview[0m
sed -i -e "s/version:.*/version: 0.0.1/" Chart.yaml
sed -i -e "s/version:.*/version: 0.0.1/" ../*/Chart.yaml
sed -i -e "s|repository:.*|repository: gcr.io\/jstrachan-multicluster\/nodey452|" values.yaml
sed -i -e "s/tag:.*/tag: 0.0.1/" values.yaml
echo "  version: 0.0.1" >> requirements.yaml
** step helm build
Adding missing Helm repo: storage.googleapis.com https://storage.googleapis.com/chartmuseum.jenkins-x.io
Successfully added Helm repository storage.googleapis.com.
Adding missing Helm repo: bucketrepo http://bucketrepo/bucketrepo/charts/
Successfully added Helm repository bucketrepo.

Showing logs for build [32machan-patch-4-pullrequest-5tcj6[0m stage [32mfrom-build-pack[0m and container [32mstep-promote-jx-preview[0m
Creating a preview
WARNING: Unable to convert PR jstrachan-patch-4 to a number
Created environment jstrachan-nodey452-pr-jstrachan-patch-4
Namespace **-jstrachan-nodey452-pr-jstrachan-patch-4 created 
expose:
  Annotations:
    helm.sh/hook: post-install,post-upgrade
    helm.sh/hook-delete-policy: hook-succeeded
  config:
    domain: 34.76.161.100.nip.io
    exposer: Ingress
    http: "true"
preview:
  image:
    repository: gcr.io/jstrachan-multicluster/nodey452
    tag: 0.0.1
adding helm values file /workspace/source/charts/preview/**Requirements.values.yaml for namespace **-jstrachan-nodey452-pr-jstrachan-patch-4
Updating PipelineActivities jstrachan-nodey452-jstrachan-patch-4-1 which has status Running
WARNING: preview application http://nodey452-**-jstrachan-nodey452-pr-jstrachan-patch-4.34.76.161.100.nip.io not available, error was 503 503 Service Temporarily Unavailable, delaying for: 818.058174ms
WARNING: preview application http://nodey452-**-jstrachan-nodey452-pr-jstrachan-patch-4.34.76.161.100.nip.io not available, error was 503 503 Service Temporarily Unavailable, delaying for: 1.189652786s
Preview application is now available at: http://nodey452-**-jstrachan-nodey452-pr-jstrachan-patch-4.34.76.161.100.nip.io
WARNING: Failed to comment on the Pull Request with owner jstrachan repo nodey452: strconv.Atoi: parsing "jstrachan-patch-4": in***** syntax
