
Showing logs for build [32mmeta-jstrachan-nodey452-pr-4-pr-mg6zt-2[0m stage [32mmeta-pipeline[0m and container [32mstep-credential-initializer-bsq5j[0m
{"level":"info","ts":1590050050.668639,"logger":"fallback-logger","caller":"logging/config.go:69","msg":"Fetch GitHub commit ID from kodata failed: open /var/run/ko/refs/heads/0.8.0-ns-support: no such file or directory"}
{"level":"info","ts":1590050050.6692002,"logger":"fallback-logger","caller":"creds-init/main.go:40","msg":"Credentials initialized."}

Showing logs for build [32mmeta-jstrachan-nodey452-pr-4-pr-mg6zt-2[0m stage [32mmeta-pipeline[0m and container [32mstep-working-dir-initializer-2bb7h[0m
{"level":"info","ts":1590050051.6435592,"logger":"fallback-logger","caller":"logging/config.go:69","msg":"Fetch GitHub commit ID from kodata failed: open /var/run/ko/HEAD: no such file or directory"}
{"level":"info","ts":1590050051.6448195,"logger":"fallback-logger","caller":"bash/main.go:64","msg":"Successfully executed command \"sh -c mkdir -p /workspace/source\"; output "}

Showing logs for build [32mmeta-jstrachan-nodey452-pr-4-pr-mg6zt-2[0m stage [32mmeta-pipeline[0m and container [32mstep-place-tools[0m

Showing logs for build [32mmeta-jstrachan-nodey452-pr-4-pr-mg6zt-2[0m stage [32mmeta-pipeline[0m and container [32mstep-git-source-meta-jstrachan-nodey452-pr-4-pr-mg6zt-mpbxz[0m
{"level":"info","ts":1590050056.7241323,"logger":"fallback-logger","caller":"logging/config.go:69","msg":"Fetch GitHub commit ID from kodata failed: open /var/run/ko/refs/heads/0.8.0-ns-support: no such file or directory"}
{"level":"info","ts":1590050057.8160994,"logger":"fallback-logger","caller":"git/git.go:103","msg":"Successfully cloned https://github.com/jstrachan/nodey452.git @ 8d72117017d89dfbd97a9787f40ec83185519810 in path /workspace/source"}

Showing logs for build [32mmeta-jstrachan-nodey452-pr-4-pr-mg6zt-2[0m stage [32mmeta-pipeline[0m and container [32mstep-git-merge[0m
Using SHAs from PULL_REFS=master:8d72117017d89dfbd97a9787f40ec83185519810,4:441749e2f5dd394ef0f16873ef56bf45ba6dc461
DEBUG: LC_ALL=C JX_LOG_LEVEL=error git fetch origin --unshallow 441749e2f5dd394ef0f16873ef56bf45ba6dc461: 8d72117017d89dfbd97a9787f40ec83185519810:
DEBUG: ran git fetch --unshallow origin 441749e2f5dd394ef0f16873ef56bf45ba6dc461: 8d72117017d89dfbd97a9787f40ec83185519810: in 
DEBUG: LC_ALL=C JX_LOG_LEVEL=error git branch
DEBUG: LC_ALL=C JX_LOG_LEVEL=error git checkout master
DEBUG: ran git checkout master in 
DEBUG: LC_ALL=C JX_LOG_LEVEL=error git reset --hard 8d72117017d89dfbd97a9787f40ec83185519810
DEBUG: ran git reset --hard 8d72117017d89dfbd97a9787f40ec83185519810 in 
DEBUG: LC_ALL=C JX_LOG_LEVEL=error git clean -fd .
DEBUG: ran clean --force -d . in 
DEBUG: LC_ALL=C JX_LOG_LEVEL=error git merge 441749e2f5dd394ef0f16873ef56bf45ba6dc461
DEBUG: ran git merge 441749e2f5dd394ef0f16873ef56bf45ba6dc461 in 
DEBUG: LC_ALL=C JX_LOG_LEVEL=error git log --format=%H%x1f%an%x1f%ae%x1f%cn%x1f%ce%x1f%s%n%b%x1e 8d72117017d89dfbd97a9787f40ec83185519810..HEAD
Merged SHA 97d797711eff07738f4b88ad2c4eabfda2cd6a99 with commit message 'Merge commit '441749e2f5dd394ef0f16873ef56bf45ba6dc461'' into base branch master
Merged SHA 441749e2f5dd394ef0f16873ef56bf45ba6dc461 with commit message 'Update index.html' into base branch master
Merged SHA 6a5c4f5011cc856ad89f6f8e3b72854f927bfaa7 with commit message 'Update index.html' into base branch master

Showing logs for build [32mmeta-jstrachan-nodey452-pr-4-pr-mg6zt-2[0m stage [32mmeta-pipeline[0m and container [32mstep-merge-pull-refs[0m
DEBUG: LC_ALL=C JX_LOG_LEVEL=error git fetch origin --unshallow 441749e2f5dd394ef0f16873ef56bf45ba6dc461: 8d72117017d89dfbd97a9787f40ec83185519810:
DEBUG: LC_ALL=C JX_LOG_LEVEL=error git fetch origin 441749e2f5dd394ef0f16873ef56bf45ba6dc461: 8d72117017d89dfbd97a9787f40ec83185519810:
DEBUG: ran git fetch origin 441749e2f5dd394ef0f16873ef56bf45ba6dc461: 8d72117017d89dfbd97a9787f40ec83185519810: in 
DEBUG: LC_ALL=C JX_LOG_LEVEL=error git rev-parse --is-shallow-repository
DEBUG: Unshallowed git repo in 
DEBUG: LC_ALL=C JX_LOG_LEVEL=error git branch
DEBUG: LC_ALL=C JX_LOG_LEVEL=error git checkout master
DEBUG: ran git checkout master in 
DEBUG: LC_ALL=C JX_LOG_LEVEL=error git reset --hard 8d72117017d89dfbd97a9787f40ec83185519810
DEBUG: ran git reset --hard 8d72117017d89dfbd97a9787f40ec83185519810 in 
DEBUG: LC_ALL=C JX_LOG_LEVEL=error git clean -fd .
DEBUG: ran clean --force -d . in 
DEBUG: LC_ALL=C JX_LOG_LEVEL=error git merge 441749e2f5dd394ef0f16873ef56bf45ba6dc461
DEBUG: ran git merge 441749e2f5dd394ef0f16873ef56bf45ba6dc461 in 
DEBUG: LC_ALL=C JX_LOG_LEVEL=error git log --format=%H%x1f%an%x1f%ae%x1f%cn%x1f%ce%x1f%s%n%b%x1e 8d72117017d89dfbd97a9787f40ec83185519810..HEAD
Merged SHA 860d544d396209d85af81c5654e6fa7355690f33 with commit message 'Merge commit '441749e2f5dd394ef0f16873ef56bf45ba6dc461'' into base branch master
Merged SHA 441749e2f5dd394ef0f16873ef56bf45ba6dc461 with commit message 'Update index.html' into base branch master
Merged SHA 6a5c4f5011cc856ad89f6f8e3b72854f927bfaa7 with commit message 'Update index.html' into base branch master

Showing logs for build [32mmeta-jstrachan-nodey452-pr-4-pr-mg6zt-2[0m stage [32mmeta-pipeline[0m and container [32mstep-create-effective-pipeline[0m
error: failed to find PipelineConfig in file /workspace/source/jenkins-x.yml
[31m
Pipeline failed on stage 'meta-pipeline' : container 'step-create-effective-pipeline'. The execution of the pipeline has stopped.[0m
