
Showing logs for build [32mmeta-jstrachan-nodey452-pr-4-pr-pvggh-3[0m stage [32mmeta-pipeline[0m and container [32mstep-credential-initializer-scgf4[0m
{"level":"info","ts":1590050123.2022123,"logger":"fallback-logger","caller":"logging/config.go:69","msg":"Fetch GitHub commit ID from kodata failed: open /var/run/ko/refs/heads/0.8.0-ns-support: no such file or directory"}
{"level":"info","ts":1590050123.2029276,"logger":"fallback-logger","caller":"creds-init/main.go:40","msg":"Credentials initialized."}

Showing logs for build [32mmeta-jstrachan-nodey452-pr-4-pr-pvggh-3[0m stage [32mmeta-pipeline[0m and container [32mstep-working-dir-initializer-4z4f6[0m
{"level":"info","ts":1590050124.468366,"logger":"fallback-logger","caller":"logging/config.go:69","msg":"Fetch GitHub commit ID from kodata failed: open /var/run/ko/HEAD: no such file or directory"}
{"level":"info","ts":1590050124.4695642,"logger":"fallback-logger","caller":"bash/main.go:64","msg":"Successfully executed command \"sh -c mkdir -p /workspace/source\"; output "}

Showing logs for build [32mmeta-jstrachan-nodey452-pr-4-pr-pvggh-3[0m stage [32mmeta-pipeline[0m and container [32mstep-place-tools[0m

Showing logs for build [32mmeta-jstrachan-nodey452-pr-4-pr-pvggh-3[0m stage [32mmeta-pipeline[0m and container [32mstep-git-source-meta-jstrachan-nodey452-pr-4-pr-pvggh-zvncw[0m
{"level":"info","ts":1590050129.5459547,"logger":"fallback-logger","caller":"logging/config.go:69","msg":"Fetch GitHub commit ID from kodata failed: open /var/run/ko/refs/heads/0.8.0-ns-support: no such file or directory"}
{"level":"info","ts":1590050130.6408718,"logger":"fallback-logger","caller":"git/git.go:103","msg":"Successfully cloned https://github.com/jstrachan/nodey452.git @ 8d72117017d89dfbd97a9787f40ec83185519810 in path /workspace/source"}

Showing logs for build [32mmeta-jstrachan-nodey452-pr-4-pr-pvggh-3[0m stage [32mmeta-pipeline[0m and container [32mstep-git-merge[0m
Using SHAs from PULL_REFS=master:8d72117017d89dfbd97a9787f40ec83185519810,4:b9c35a52edc0e4a984d7f910917c0401fe47e479
DEBUG: LC_ALL=C JX_LOG_LEVEL=error git fetch origin --unshallow b9c35a52edc0e4a984d7f910917c0401fe47e479: 8d72117017d89dfbd97a9787f40ec83185519810:
DEBUG: ran git fetch --unshallow origin b9c35a52edc0e4a984d7f910917c0401fe47e479: 8d72117017d89dfbd97a9787f40ec83185519810: in 
DEBUG: LC_ALL=C JX_LOG_LEVEL=error git branch
DEBUG: LC_ALL=C JX_LOG_LEVEL=error git checkout master
DEBUG: ran git checkout master in 
DEBUG: LC_ALL=C JX_LOG_LEVEL=error git reset --hard 8d72117017d89dfbd97a9787f40ec83185519810
DEBUG: ran git reset --hard 8d72117017d89dfbd97a9787f40ec83185519810 in 
DEBUG: LC_ALL=C JX_LOG_LEVEL=error git clean -fd .
DEBUG: ran clean --force -d . in 
DEBUG: LC_ALL=C JX_LOG_LEVEL=error git merge b9c35a52edc0e4a984d7f910917c0401fe47e479
DEBUG: ran git merge b9c35a52edc0e4a984d7f910917c0401fe47e479 in 
DEBUG: LC_ALL=C JX_LOG_LEVEL=error git log --format=%H%x1f%an%x1f%ae%x1f%cn%x1f%ce%x1f%s%n%b%x1e 8d72117017d89dfbd97a9787f40ec83185519810..HEAD
Merged SHA d1c615b06aff2f07aa1f86bcbe9b7d9b8dabd110 with commit message 'Merge commit 'b9c35a52edc0e4a984d7f910917c0401fe47e479'' into base branch master
Merged SHA b9c35a52edc0e4a984d7f910917c0401fe47e479 with commit message 'Update index.html' into base branch master
Merged SHA 441749e2f5dd394ef0f16873ef56bf45ba6dc461 with commit message 'Update index.html' into base branch master
Merged SHA 6a5c4f5011cc856ad89f6f8e3b72854f927bfaa7 with commit message 'Update index.html' into base branch master

Showing logs for build [32mmeta-jstrachan-nodey452-pr-4-pr-pvggh-3[0m stage [32mmeta-pipeline[0m and container [32mstep-merge-pull-refs[0m
DEBUG: LC_ALL=C JX_LOG_LEVEL=error git fetch origin --unshallow b9c35a52edc0e4a984d7f910917c0401fe47e479: 8d72117017d89dfbd97a9787f40ec83185519810:
DEBUG: LC_ALL=C JX_LOG_LEVEL=error git fetch origin b9c35a52edc0e4a984d7f910917c0401fe47e479: 8d72117017d89dfbd97a9787f40ec83185519810:
DEBUG: ran git fetch origin b9c35a52edc0e4a984d7f910917c0401fe47e479: 8d72117017d89dfbd97a9787f40ec83185519810: in 
DEBUG: LC_ALL=C JX_LOG_LEVEL=error git rev-parse --is-shallow-repository
DEBUG: Unshallowed git repo in 
DEBUG: LC_ALL=C JX_LOG_LEVEL=error git branch
DEBUG: LC_ALL=C JX_LOG_LEVEL=error git checkout master
DEBUG: ran git checkout master in 
DEBUG: LC_ALL=C JX_LOG_LEVEL=error git reset --hard 8d72117017d89dfbd97a9787f40ec83185519810
DEBUG: ran git reset --hard 8d72117017d89dfbd97a9787f40ec83185519810 in 
DEBUG: LC_ALL=C JX_LOG_LEVEL=error git clean -fd .
DEBUG: ran clean --force -d . in 
DEBUG: LC_ALL=C JX_LOG_LEVEL=error git merge b9c35a52edc0e4a984d7f910917c0401fe47e479
DEBUG: ran git merge b9c35a52edc0e4a984d7f910917c0401fe47e479 in 
DEBUG: LC_ALL=C JX_LOG_LEVEL=error git log --format=%H%x1f%an%x1f%ae%x1f%cn%x1f%ce%x1f%s%n%b%x1e 8d72117017d89dfbd97a9787f40ec83185519810..HEAD
Merged SHA c992ab616fde45b2d2f66d9b5a08d904b01597c1 with commit message 'Merge commit 'b9c35a52edc0e4a984d7f910917c0401fe47e479'' into base branch master
Merged SHA b9c35a52edc0e4a984d7f910917c0401fe47e479 with commit message 'Update index.html' into base branch master
Merged SHA 441749e2f5dd394ef0f16873ef56bf45ba6dc461 with commit message 'Update index.html' into base branch master
Merged SHA 6a5c4f5011cc856ad89f6f8e3b72854f927bfaa7 with commit message 'Update index.html' into base branch master

Showing logs for build [32mmeta-jstrachan-nodey452-pr-4-pr-pvggh-3[0m stage [32mmeta-pipeline[0m and container [32mstep-create-effective-pipeline[0m
error: failed to find PipelineConfig in file /workspace/source/jenkins-x.yml
[31m
Pipeline failed on stage 'meta-pipeline' : container 'step-create-effective-pipeline'. The execution of the pipeline has stopped.[0m
