
Showing logs for build [32mmeta-jstrachan-nodey452-pr-3-pr-wsmz5-2[0m stage [32mmeta-pipeline[0m and container [32mstep-credential-initializer-qrccz[0m
{"level":"info","ts":1589950106.3631213,"logger":"fallback-logger","caller":"logging/config.go:69","msg":"Fetch GitHub commit ID from kodata failed: open /var/run/ko/refs/heads/0.8.0-ns-support: no such file or directory"}
{"level":"info","ts":1589950106.3636231,"logger":"fallback-logger","caller":"creds-init/main.go:40","msg":"Credentials initialized."}

Showing logs for build [32mmeta-jstrachan-nodey452-pr-3-pr-wsmz5-2[0m stage [32mmeta-pipeline[0m and container [32mstep-working-dir-initializer-7fwdr[0m
{"level":"info","ts":1589950107.0503204,"logger":"fallback-logger","caller":"logging/config.go:69","msg":"Fetch GitHub commit ID from kodata failed: open /var/run/ko/HEAD: no such file or directory"}
{"level":"info","ts":1589950107.0516753,"logger":"fallback-logger","caller":"bash/main.go:64","msg":"Successfully executed command \"sh -c mkdir -p /workspace/source\"; output "}

Showing logs for build [32mmeta-jstrachan-nodey452-pr-3-pr-wsmz5-2[0m stage [32mmeta-pipeline[0m and container [32mstep-place-tools[0m

Showing logs for build [32mmeta-jstrachan-nodey452-pr-3-pr-wsmz5-2[0m stage [32mmeta-pipeline[0m and container [32mstep-git-source-meta-jstrachan-nodey452-pr-3-pr-wsmz5-6z72p[0m
{"level":"info","ts":1589950120.072855,"logger":"fallback-logger","caller":"logging/config.go:69","msg":"Fetch GitHub commit ID from kodata failed: open /var/run/ko/refs/heads/0.8.0-ns-support: no such file or directory"}
{"level":"info","ts":1589950120.7796583,"logger":"fallback-logger","caller":"git/git.go:103","msg":"Successfully cloned https://github.com/jstrachan/nodey452.git @ bde2f9450df9823c58c10e159df99e715c9661e2 in path /workspace/source"}

Showing logs for build [32mmeta-jstrachan-nodey452-pr-3-pr-wsmz5-2[0m stage [32mmeta-pipeline[0m and container [32mstep-git-merge[0m
Using SHAs from PULL_REFS=master:bde2f9450df9823c58c10e159df99e715c9661e2,3:a26488a125ee42a8e5c9d4e8a8c73c107addb9ea
DEBUG: LC_ALL=C JX_LOG_LEVEL=error git fetch origin --unshallow a26488a125ee42a8e5c9d4e8a8c73c107addb9ea: bde2f9450df9823c58c10e159df99e715c9661e2:
DEBUG: ran git fetch --unshallow origin a26488a125ee42a8e5c9d4e8a8c73c107addb9ea: bde2f9450df9823c58c10e159df99e715c9661e2: in 
DEBUG: JX_LOG_LEVEL=error LC_ALL=C git branch
DEBUG: LC_ALL=C JX_LOG_LEVEL=error git checkout master
DEBUG: ran git checkout master in 
DEBUG: LC_ALL=C JX_LOG_LEVEL=error git reset --hard bde2f9450df9823c58c10e159df99e715c9661e2
DEBUG: ran git reset --hard bde2f9450df9823c58c10e159df99e715c9661e2 in 
DEBUG: LC_ALL=C JX_LOG_LEVEL=error git clean -fd .
DEBUG: ran clean --force -d . in 
DEBUG: LC_ALL=C JX_LOG_LEVEL=error git merge a26488a125ee42a8e5c9d4e8a8c73c107addb9ea
DEBUG: ran git merge a26488a125ee42a8e5c9d4e8a8c73c107addb9ea in 
DEBUG: JX_LOG_LEVEL=error LC_ALL=C git log --format=%H%x1f%an%x1f%ae%x1f%cn%x1f%ce%x1f%s%n%b%x1e bde2f9450df9823c58c10e159df99e715c9661e2..HEAD
Merged SHA a26488a125ee42a8e5c9d4e8a8c73c107addb9ea with commit message 'Update index.html' into base branch master
Merged SHA e8a5928412a24b668a0a473b380cedbf94128aee with commit message 'Update index.html' into base branch master

Showing logs for build [32mmeta-jstrachan-nodey452-pr-3-pr-wsmz5-2[0m stage [32mmeta-pipeline[0m and container [32mstep-merge-pull-refs[0m
DEBUG: JX_LOG_LEVEL=error LC_ALL=C git fetch origin --unshallow a26488a125ee42a8e5c9d4e8a8c73c107addb9ea: bde2f9450df9823c58c10e159df99e715c9661e2:
DEBUG: LC_ALL=C JX_LOG_LEVEL=error git fetch origin a26488a125ee42a8e5c9d4e8a8c73c107addb9ea: bde2f9450df9823c58c10e159df99e715c9661e2:
DEBUG: ran git fetch origin a26488a125ee42a8e5c9d4e8a8c73c107addb9ea: bde2f9450df9823c58c10e159df99e715c9661e2: in 
DEBUG: LC_ALL=C JX_LOG_LEVEL=error git rev-parse --is-shallow-repository
DEBUG: Unshallowed git repo in 
DEBUG: LC_ALL=C JX_LOG_LEVEL=error git branch
DEBUG: LC_ALL=C JX_LOG_LEVEL=error git checkout master
DEBUG: ran git checkout master in 
DEBUG: LC_ALL=C JX_LOG_LEVEL=error git reset --hard bde2f9450df9823c58c10e159df99e715c9661e2
DEBUG: ran git reset --hard bde2f9450df9823c58c10e159df99e715c9661e2 in 
DEBUG: LC_ALL=C JX_LOG_LEVEL=error git clean -fd .
DEBUG: ran clean --force -d . in 
DEBUG: LC_ALL=C JX_LOG_LEVEL=error git merge a26488a125ee42a8e5c9d4e8a8c73c107addb9ea
DEBUG: ran git merge a26488a125ee42a8e5c9d4e8a8c73c107addb9ea in 
DEBUG: JX_LOG_LEVEL=error LC_ALL=C git log --format=%H%x1f%an%x1f%ae%x1f%cn%x1f%ce%x1f%s%n%b%x1e bde2f9450df9823c58c10e159df99e715c9661e2..HEAD
Merged SHA a26488a125ee42a8e5c9d4e8a8c73c107addb9ea with commit message 'Update index.html' into base branch master
Merged SHA e8a5928412a24b668a0a473b380cedbf94128aee with commit message 'Update index.html' into base branch master

Showing logs for build [32mmeta-jstrachan-nodey452-pr-3-pr-wsmz5-2[0m stage [32mmeta-pipeline[0m and container [32mstep-create-effective-pipeline[0m
Effective pipeline written to jenkins-x-pr-build-effective.yml

Showing logs for build [32mmeta-jstrachan-nodey452-pr-3-pr-wsmz5-2[0m stage [32mmeta-pipeline[0m and container [32mstep-create-tekton-crds[0m
checking for tekton dir /workspace/source/.tekton
using tekton build pack
triggering tekton-kpt in dir /workspace/source/.tekton
ERROR: could not create dynamic client config from kube config /builder/home/.kube/config: stat /builder/home/.kube/config: no such file or directory
error: failed to trigger tekton-kpt with args --context pullrequest --branch PR-3 --build 2: failed to run 'tekton-kpt --context pullrequest --branch PR-3 --build 2' command in directory '/workspace/source', output: ''
[31m
Pipeline failed on stage 'meta-pipeline' : container 'step-create-tekton-crds'. The execution of the pipeline has stopped.[0m
