
Showing logs for build [32mmeta-jstrachan-nodey452-pr-3-pr-6jcz9-5[0m stage [32mmeta-pipeline[0m and container [32mstep-credential-initializer-t744v[0m
{"level":"info","ts":1590040896.2073092,"logger":"fallback-logger","caller":"logging/config.go:69","msg":"Fetch GitHub commit ID from kodata failed: open /var/run/ko/refs/heads/0.8.0-ns-support: no such file or directory"}
{"level":"info","ts":1590040896.2078364,"logger":"fallback-logger","caller":"creds-init/main.go:40","msg":"Credentials initialized."}

Showing logs for build [32mmeta-jstrachan-nodey452-pr-3-pr-6jcz9-5[0m stage [32mmeta-pipeline[0m and container [32mstep-working-dir-initializer-6pqwl[0m
{"level":"info","ts":1590040897.184052,"logger":"fallback-logger","caller":"logging/config.go:69","msg":"Fetch GitHub commit ID from kodata failed: open /var/run/ko/HEAD: no such file or directory"}
{"level":"info","ts":1590040897.1851125,"logger":"fallback-logger","caller":"bash/main.go:64","msg":"Successfully executed command \"sh -c mkdir -p /workspace/source\"; output "}

Showing logs for build [32mmeta-jstrachan-nodey452-pr-3-pr-6jcz9-5[0m stage [32mmeta-pipeline[0m and container [32mstep-place-tools[0m

Showing logs for build [32mmeta-jstrachan-nodey452-pr-3-pr-6jcz9-5[0m stage [32mmeta-pipeline[0m and container [32mstep-git-source-meta-jstrachan-nodey452-pr-3-pr-6jcz9-7hhhd[0m
{"level":"info","ts":1590040903.268796,"logger":"fallback-logger","caller":"logging/config.go:69","msg":"Fetch GitHub commit ID from kodata failed: open /var/run/ko/refs/heads/0.8.0-ns-support: no such file or directory"}
{"level":"info","ts":1590040904.5274153,"logger":"fallback-logger","caller":"git/git.go:103","msg":"Successfully cloned https://github.com/jstrachan/nodey452.git @ 1b8b6eee87badd66cdb9979b7732e0f2414cdd59 in path /workspace/source"}

Showing logs for build [32mmeta-jstrachan-nodey452-pr-3-pr-6jcz9-5[0m stage [32mmeta-pipeline[0m and container [32mstep-git-merge[0m
Using SHAs from PULL_REFS=master:1b8b6eee87badd66cdb9979b7732e0f2414cdd59,3:c5349a74b8a9e1e0e2134890af46f55821b441fc
DEBUG: LC_ALL=C JX_LOG_LEVEL=error git fetch origin --unshallow c5349a74b8a9e1e0e2134890af46f55821b441fc: 1b8b6eee87badd66cdb9979b7732e0f2414cdd59:
DEBUG: ran git fetch --unshallow origin c5349a74b8a9e1e0e2134890af46f55821b441fc: 1b8b6eee87badd66cdb9979b7732e0f2414cdd59: in 
DEBUG: LC_ALL=C JX_LOG_LEVEL=error git branch
DEBUG: LC_ALL=C JX_LOG_LEVEL=error git checkout master
DEBUG: ran git checkout master in 
DEBUG: LC_ALL=C JX_LOG_LEVEL=error git reset --hard 1b8b6eee87badd66cdb9979b7732e0f2414cdd59
DEBUG: ran git reset --hard 1b8b6eee87badd66cdb9979b7732e0f2414cdd59 in 
DEBUG: LC_ALL=C JX_LOG_LEVEL=error git clean -fd .
DEBUG: ran clean --force -d . in 
DEBUG: LC_ALL=C JX_LOG_LEVEL=error git merge c5349a74b8a9e1e0e2134890af46f55821b441fc
error: error during merge: merging c5349a74b8a9e1e0e2134890af46f55821b441fc into master: git output: Auto-merging index.html
CONFLICT (content): Merge conflict in index.html
Automatic merge failed; fix conflicts and then commit the result.: failed to run 'git merge c5349a74b8a9e1e0e2134890af46f55821b441fc' command in directory '', output: 'Auto-merging index.html
CONFLICT (content): Merge conflict in index.html
Automatic merge failed; fix conflicts and then commit the result.'
[31m
Pipeline failed on stage 'meta-pipeline' : container 'step-git-merge'. The execution of the pipeline has stopped.[0m
