
Showing logs for build [32mmeta-jstrachan-nodey452-master-dcrd4-22[0m stage [32mmeta-pipeline[0m and container [32mstep-credential-initializer-8x5t9[0m
{"level":"info","ts":1590212467.7957757,"logger":"fallback-logger","caller":"logging/config.go:69","msg":"Fetch GitHub commit ID from kodata failed: open /var/run/ko/refs/heads/0.8.0-ns-support: no such file or directory"}
{"level":"info","ts":1590212467.796258,"logger":"fallback-logger","caller":"creds-init/main.go:40","msg":"Credentials initialized."}

Showing logs for build [32mmeta-jstrachan-nodey452-master-dcrd4-22[0m stage [32mmeta-pipeline[0m and container [32mstep-working-dir-initializer-n6pwq[0m
{"level":"info","ts":1590212469.0606053,"logger":"fallback-logger","caller":"logging/config.go:69","msg":"Fetch GitHub commit ID from kodata failed: open /var/run/ko/HEAD: no such file or directory"}
{"level":"info","ts":1590212469.0616453,"logger":"fallback-logger","caller":"bash/main.go:64","msg":"Successfully executed command \"sh -c mkdir -p /workspace/source\"; output "}

Showing logs for build [32mmeta-jstrachan-nodey452-master-dcrd4-22[0m stage [32mmeta-pipeline[0m and container [32mstep-place-tools[0m

Showing logs for build [32mmeta-jstrachan-nodey452-master-dcrd4-22[0m stage [32mmeta-pipeline[0m and container [32mstep-git-source-meta-jstrachan-nodey452-master-dcrd4-kj9h2[0m
{"level":"info","ts":1590212475.1491432,"logger":"fallback-logger","caller":"logging/config.go:69","msg":"Fetch GitHub commit ID from kodata failed: open /var/run/ko/refs/heads/0.8.0-ns-support: no such file or directory"}
{"level":"info","ts":1590212476.3815212,"logger":"fallback-logger","caller":"git/git.go:103","msg":"Successfully cloned https://github.com/jstrachan/nodey452.git @ master in path /workspace/source"}

Showing logs for build [32mmeta-jstrachan-nodey452-master-dcrd4-22[0m stage [32mmeta-pipeline[0m and container [32mstep-git-merge[0m
Using SHAs from PULL_REFS=master:
WARNING: no SHAs to merge, falling back to initial cloned commit

Showing logs for build [32mmeta-jstrachan-nodey452-master-dcrd4-22[0m stage [32mmeta-pipeline[0m and container [32mstep-merge-pull-refs[0m
SKIP merge-pull-refs: Nothing to merge

Showing logs for build [32mmeta-jstrachan-nodey452-master-dcrd4-22[0m stage [32mmeta-pipeline[0m and container [32mstep-create-effective-pipeline[0m
performing pack detection in folder /workspace/source
--> Draft detected YAML (81.951194%)
--> Could not find a pack for YAML. Trying to find the next likely language match...
--> Draft detected SVG (5.904250%)
--> Could not find a pack for SVG. Trying to find the next likely language match...
--> Draft detected RPM Spec (3.686279%)
--> Could not find a pack for RPM Spec. Trying to find the next likely language match...
--> Draft detected JavaScript (1.511391%)
selected pack: /home/.**/draft/packs/github.com/jenkins-x/**r-packs-kubernetes/packs/javascript
Effective pipeline written to jenkins-x-effective.yml

Showing logs for build [32mmeta-jstrachan-nodey452-master-dcrd4-22[0m stage [32mmeta-pipeline[0m and container [32mstep-create-tekton-crds[0m
running: ** tektonkpt --context release --branch master --build 22 --container-registry gcr.io --container-registry-owner jstrachan-multicluster in dir /workspace/source
Error: unknown command "tektonkpt" for "**"
Run '** --help' for usage.
error: failed to invoke pipeline trigger plugin: failed to invoke trigger plugin tektonkpt with args ** tektonkpt --context release --branch master --build 22 --container-registry gcr.io --container-registry-owner jstrachan-multicluster: failed to run '** tektonkpt --context release --branch master --build 22 --container-registry gcr.io --container-registry-owner jstrachan-multicluster' command in directory '/workspace/source', output: ''
[31m
Pipeline failed on stage 'meta-pipeline' : container 'step-create-tekton-crds'. The execution of the pipeline has stopped.[0m
