
Showing logs for build [32mmeta-jstrachan-nodey452-master-jm77v-24[0m stage [32mmeta-pipeline[0m and container [32mstep-credential-initializer-rlh9k[0m
{"level":"info","ts":1590574021.4434433,"logger":"fallback-logger","caller":"logging/config.go:69","msg":"Fetch GitHub commit ID from kodata failed: open /var/run/ko/refs/heads/0.8.0-ns-support: no such file or directory"}
{"level":"info","ts":1590574021.4442036,"logger":"fallback-logger","caller":"creds-init/main.go:40","msg":"Credentials initialized."}

Showing logs for build [32mmeta-jstrachan-nodey452-master-jm77v-24[0m stage [32mmeta-pipeline[0m and container [32mstep-working-dir-initializer-hbrc8[0m
{"level":"info","ts":1590574022.4090211,"logger":"fallback-logger","caller":"logging/config.go:69","msg":"Fetch GitHub commit ID from kodata failed: open /var/run/ko/HEAD: no such file or directory"}
{"level":"info","ts":1590574022.4103153,"logger":"fallback-logger","caller":"bash/main.go:64","msg":"Successfully executed command \"sh -c mkdir -p /workspace/source\"; output "}

Showing logs for build [32mmeta-jstrachan-nodey452-master-jm77v-24[0m stage [32mmeta-pipeline[0m and container [32mstep-place-tools[0m

Showing logs for build [32mmeta-jstrachan-nodey452-master-jm77v-24[0m stage [32mmeta-pipeline[0m and container [32mstep-git-source-meta-jstrachan-nodey452-master-jm77v-wp9xh[0m
{"level":"info","ts":1590574027.4875817,"logger":"fallback-logger","caller":"logging/config.go:69","msg":"Fetch GitHub commit ID from kodata failed: open /var/run/ko/refs/heads/0.8.0-ns-support: no such file or directory"}
{"level":"info","ts":1590574028.6104343,"logger":"fallback-logger","caller":"git/git.go:103","msg":"Successfully cloned https://github.com/jstrachan/nodey452.git @ a637eb75de59ea219732b79d4fda4fb7ee5ca197 in path /workspace/source"}

Showing logs for build [32mmeta-jstrachan-nodey452-master-jm77v-24[0m stage [32mmeta-pipeline[0m and container [32mstep-git-merge[0m
Using SHAs from PULL_REFS=master:a637eb75de59ea219732b79d4fda4fb7ee5ca197
WARNING: no SHAs to merge, falling back to initial cloned commit

Showing logs for build [32mmeta-jstrachan-nodey452-master-jm77v-24[0m stage [32mmeta-pipeline[0m and container [32mstep-merge-pull-refs[0m
SKIP merge-pull-refs: Nothing to merge

Showing logs for build [32mmeta-jstrachan-nodey452-master-jm77v-24[0m stage [32mmeta-pipeline[0m and container [32mstep-create-effective-pipeline[0m
performing pack detection in folder /workspace/source
--> Draft detected YAML (80.714025%)
--> Could not find a pack for YAML. Trying to find the next likely language match...
--> Draft detected SVG (5.691597%)
--> Could not find a pack for SVG. Trying to find the next likely language match...
--> Draft detected RPM Spec (3.553510%)
--> Could not find a pack for RPM Spec. Trying to find the next likely language match...
--> Draft detected XML (2.844137%)
--> Could not find a pack for XML. Trying to find the next likely language match...
--> Draft detected JavaScript (1.456956%)
selected pack: /home/.**/draft/packs/github.com/jenkins-x/**r-packs-kubernetes/packs/javascript
Effective pipeline written to jenkins-x-release-effective.yml

Showing logs for build [32mmeta-jstrachan-nodey452-master-jm77v-24[0m stage [32mmeta-pipeline[0m and container [32mstep-create-tekton-crds[0m
running: ** tektonkpt --context release --branch master --build 24 --container-registry gcr.io --container-registry-owner jstrachan-multicluster in dir /workspace/source
Error: unknown command "tektonkpt" for "**"
Run '** --help' for usage.
error: failed to invoke pipeline trigger plugin: failed to invoke trigger plugin tektonkpt with args ** tektonkpt --context release --branch master --build 24 --container-registry gcr.io --container-registry-owner jstrachan-multicluster: failed to run '** tektonkpt --context release --branch master --build 24 --container-registry gcr.io --container-registry-owner jstrachan-multicluster' command in directory '/workspace/source', output: ''
[31m
Pipeline failed on stage 'meta-pipeline' : container 'step-create-tekton-crds'. The execution of the pipeline has stopped.[0m
