
Showing logs for build [32mmeta-jstrachan-nodey452-master-qt579-5[0m stage [32mmeta-pipeline[0m and container [32mstep-credential-initializer-hsnj6[0m
{"level":"info","ts":1589898977.875992,"logger":"fallback-logger","caller":"logging/config.go:69","msg":"Fetch GitHub commit ID from kodata failed: open /var/run/ko/refs/heads/0.8.0-ns-support: no such file or directory"}
{"level":"info","ts":1589898977.8763673,"logger":"fallback-logger","caller":"creds-init/main.go:40","msg":"Credentials initialized."}

Showing logs for build [32mmeta-jstrachan-nodey452-master-qt579-5[0m stage [32mmeta-pipeline[0m and container [32mstep-working-dir-initializer-rcvxr[0m
{"level":"info","ts":1589898978.2737007,"logger":"fallback-logger","caller":"logging/config.go:69","msg":"Fetch GitHub commit ID from kodata failed: open /var/run/ko/HEAD: no such file or directory"}
{"level":"info","ts":1589898978.2812777,"logger":"fallback-logger","caller":"bash/main.go:64","msg":"Successfully executed command \"sh -c mkdir -p /workspace/source\"; output "}

Showing logs for build [32mmeta-jstrachan-nodey452-master-qt579-5[0m stage [32mmeta-pipeline[0m and container [32mstep-place-tools[0m

Showing logs for build [32mmeta-jstrachan-nodey452-master-qt579-5[0m stage [32mmeta-pipeline[0m and container [32mstep-git-source-meta-jstrachan-nodey452-master-qt579-cdvct[0m
{"level":"info","ts":1589898983.4242136,"logger":"fallback-logger","caller":"logging/config.go:69","msg":"Fetch GitHub commit ID from kodata failed: open /var/run/ko/refs/heads/0.8.0-ns-support: no such file or directory"}
{"level":"info","ts":1589898984.14102,"logger":"fallback-logger","caller":"git/git.go:103","msg":"Successfully cloned https://github.com/jstrachan/nodey452.git @ 912b336a2e4b40a0d3597386266c77324b325532 in path /workspace/source"}

Showing logs for build [32mmeta-jstrachan-nodey452-master-qt579-5[0m stage [32mmeta-pipeline[0m and container [32mstep-git-merge[0m
Using SHAs from PULL_REFS=master:912b336a2e4b40a0d3597386266c77324b325532
WARNING: no SHAs to merge, falling back to initial cloned commit

Showing logs for build [32mmeta-jstrachan-nodey452-master-qt579-5[0m stage [32mmeta-pipeline[0m and container [32mstep-merge-pull-refs[0m
SKIP merge-pull-refs: Nothing to merge

Showing logs for build [32mmeta-jstrachan-nodey452-master-qt579-5[0m stage [32mmeta-pipeline[0m and container [32mstep-create-effective-pipeline[0m
performing pack detection in folder /workspace/source
--> Draft detected YAML (81.660069%)
--> Could not find a pack for YAML. Trying to find the next likely language match...
--> Draft detected SVG (6.000631%)
--> Could not find a pack for SVG. Trying to find the next likely language match...
--> Draft detected RPM Spec (3.746453%)
--> Could not find a pack for RPM Spec. Trying to find the next likely language match...
--> Draft detected JavaScript (1.536063%)
selected pack: /home/.**/draft/packs/github.com/jenkins-x/**r-packs-kubernetes/packs/javascript
Effective pipeline written to jenkins-x-release-effective.yml

Showing logs for build [32mmeta-jstrachan-nodey452-master-qt579-5[0m stage [32mmeta-pipeline[0m and container [32mstep-create-tekton-crds[0m
running command: ** step next-version --filename package.json
created new version: 1.0.1 and written to file: ./VERSION

running command: ** step tag --version \$(cat VERSION)
Updating chart version in charts/nodey452/Chart.yaml to 1.0.1
Updating repository in charts/nodey452/values.yaml to gcr.io/jstrachan-multicluster/nodey452
Updating tag in charts/nodey452/values.yaml to 1.0.1
error: Have you set up a git credential helper? See https://help.github.com/articles/caching-your-github-password-in-git/
: git output: To https://github.com/jstrachan/nodey452.git
 ! [remote rejected] v1.0.1 -> v1.0.1 (cannot lock ref 'refs/tags/v1.0.1': reference already exists)
error: failed to push some refs to 'https://github.com/jstrachan/nodey452.git': failed to run 'git push origin v1.0.1' command in directory '', output: 'To https://github.com/jstrachan/nodey452.git
 ! [remote rejected] v1.0.1 -> v1.0.1 (cannot lock ref 'refs/tags/v1.0.1': reference already exists)
error: failed to push some refs to 'https://github.com/jstrachan/nodey452.git''
error: failed to set the version on release pipelines: failed to run '/bin/sh -c ** step tag --version $(cat VERSION)' command in directory '/workspace/source', output: ''
[31m
Pipeline failed on stage 'meta-pipeline' : container 'step-create-tekton-crds'. The execution of the pipeline has stopped.[0m
