
Showing logs for build [32mmeta-jstrachan-nodey452-master-z4hm4-6[0m stage [32mmeta-pipeline[0m and container [32mstep-credential-initializer-lbg5j[0m
{"level":"info","ts":1589902207.8978183,"logger":"fallback-logger","caller":"logging/config.go:69","msg":"Fetch GitHub commit ID from kodata failed: open /var/run/ko/refs/heads/0.8.0-ns-support: no such file or directory"}
{"level":"info","ts":1589902207.898274,"logger":"fallback-logger","caller":"creds-init/main.go:40","msg":"Credentials initialized."}

Showing logs for build [32mmeta-jstrachan-nodey452-master-z4hm4-6[0m stage [32mmeta-pipeline[0m and container [32mstep-working-dir-initializer-76pt8[0m
{"level":"info","ts":1589902208.2346668,"logger":"fallback-logger","caller":"logging/config.go:69","msg":"Fetch GitHub commit ID from kodata failed: open /var/run/ko/HEAD: no such file or directory"}
{"level":"info","ts":1589902208.2363467,"logger":"fallback-logger","caller":"bash/main.go:64","msg":"Successfully executed command \"sh -c mkdir -p /workspace/source\"; output "}

Showing logs for build [32mmeta-jstrachan-nodey452-master-z4hm4-6[0m stage [32mmeta-pipeline[0m and container [32mstep-place-tools[0m

Showing logs for build [32mmeta-jstrachan-nodey452-master-z4hm4-6[0m stage [32mmeta-pipeline[0m and container [32mstep-git-source-meta-jstrachan-nodey452-master-z4hm4-jvx8r[0m
{"level":"info","ts":1589902214.325009,"logger":"fallback-logger","caller":"logging/config.go:69","msg":"Fetch GitHub commit ID from kodata failed: open /var/run/ko/refs/heads/0.8.0-ns-support: no such file or directory"}
{"level":"info","ts":1589902215.037625,"logger":"fallback-logger","caller":"git/git.go:103","msg":"Successfully cloned https://github.com/jstrachan/nodey452.git @ e6589b6cea400340779b949be382e9ffa6192f41 in path /workspace/source"}

Showing logs for build [32mmeta-jstrachan-nodey452-master-z4hm4-6[0m stage [32mmeta-pipeline[0m and container [32mstep-git-merge[0m
Using SHAs from PULL_REFS=master:e6589b6cea400340779b949be382e9ffa6192f41
WARNING: no SHAs to merge, falling back to initial cloned commit

Showing logs for build [32mmeta-jstrachan-nodey452-master-z4hm4-6[0m stage [32mmeta-pipeline[0m and container [32mstep-merge-pull-refs[0m
SKIP merge-pull-refs: Nothing to merge

Showing logs for build [32mmeta-jstrachan-nodey452-master-z4hm4-6[0m stage [32mmeta-pipeline[0m and container [32mstep-create-effective-pipeline[0m
error: : failed to clone repository: https://github.com/jenkins-x/**r-versions.git to dir /builder/home/.**/jenkins-x-versions: failed to reset hard to master in directory /builder/home/.**/jenkins-x-versions: git output: fatal: ambiguous argument 'origin/master': unknown revision or path not in the working tree.
Use '--' to separate paths from revisions, like this:
'git <command> [<revision>...] -- [<file>...]': failed to run 'git reset --hard origin/master' command in directory '/builder/home/.**/jenkins-x-versions', output: 'fatal: ambiguous argument 'origin/master': unknown revision or path not in the working tree.
Use '--' to separate paths from revisions, like this:
'git <command> [<revision>...] -- [<file>...]''
[31m
Pipeline failed on stage 'meta-pipeline' : container 'step-create-effective-pipeline'. The execution of the pipeline has stopped.[0m
