
Showing logs for build [32mmeta-jstrachan-nodey452-pr-1-pr-x6jzz-1[0m stage [32mmeta-pipeline[0m and container [32mstep-credential-initializer-hgx6c[0m
{"level":"info","ts":1589902378.338145,"logger":"fallback-logger","caller":"logging/config.go:69","msg":"Fetch GitHub commit ID from kodata failed: open /var/run/ko/refs/heads/0.8.0-ns-support: no such file or directory"}
{"level":"info","ts":1589902378.3388076,"logger":"fallback-logger","caller":"creds-init/main.go:40","msg":"Credentials initialized."}

Showing logs for build [32mmeta-jstrachan-nodey452-pr-1-pr-x6jzz-1[0m stage [32mmeta-pipeline[0m and container [32mstep-working-dir-initializer-vgrqp[0m
{"level":"info","ts":1589902378.850437,"logger":"fallback-logger","caller":"logging/config.go:69","msg":"Fetch GitHub commit ID from kodata failed: open /var/run/ko/HEAD: no such file or directory"}
{"level":"info","ts":1589902378.851836,"logger":"fallback-logger","caller":"bash/main.go:64","msg":"Successfully executed command \"sh -c mkdir -p /workspace/source\"; output "}

Showing logs for build [32mmeta-jstrachan-nodey452-pr-1-pr-x6jzz-1[0m stage [32mmeta-pipeline[0m and container [32mstep-place-tools[0m

Showing logs for build [32mmeta-jstrachan-nodey452-pr-1-pr-x6jzz-1[0m stage [32mmeta-pipeline[0m and container [32mstep-git-source-meta-jstrachan-nodey452-pr-1-pr-x6jzz-l8rmw[0m
{"level":"info","ts":1589902384.9246507,"logger":"fallback-logger","caller":"logging/config.go:69","msg":"Fetch GitHub commit ID from kodata failed: open /var/run/ko/refs/heads/0.8.0-ns-support: no such file or directory"}
{"level":"info","ts":1589902385.6497557,"logger":"fallback-logger","caller":"git/git.go:103","msg":"Successfully cloned https://github.com/jstrachan/nodey452.git @ e6589b6cea400340779b949be382e9ffa6192f41 in path /workspace/source"}

Showing logs for build [32mmeta-jstrachan-nodey452-pr-1-pr-x6jzz-1[0m stage [32mmeta-pipeline[0m and container [32mstep-git-merge[0m
Using SHAs from PULL_REFS=master:e6589b6cea400340779b949be382e9ffa6192f41,1:b16728e7a85b5a2583d29db11cfe5e764d2535c7
DEBUG: JX_LOG_LEVEL=error LC_ALL=C git fetch origin --unshallow b16728e7a85b5a2583d29db11cfe5e764d2535c7: e6589b6cea400340779b949be382e9ffa6192f41:
DEBUG: ran git fetch --unshallow origin b16728e7a85b5a2583d29db11cfe5e764d2535c7: e6589b6cea400340779b949be382e9ffa6192f41: in 
DEBUG: LC_ALL=C JX_LOG_LEVEL=error git branch
DEBUG: LC_ALL=C JX_LOG_LEVEL=error git checkout master
DEBUG: ran git checkout master in 
DEBUG: LC_ALL=C JX_LOG_LEVEL=error git reset --hard e6589b6cea400340779b949be382e9ffa6192f41
DEBUG: ran git reset --hard e6589b6cea400340779b949be382e9ffa6192f41 in 
DEBUG: JX_LOG_LEVEL=error LC_ALL=C git clean -fd .
DEBUG: ran clean --force -d . in 
DEBUG: LC_ALL=C JX_LOG_LEVEL=error git merge b16728e7a85b5a2583d29db11cfe5e764d2535c7
DEBUG: ran git merge b16728e7a85b5a2583d29db11cfe5e764d2535c7 in 
DEBUG: LC_ALL=C JX_LOG_LEVEL=error git log --format=%H%x1f%an%x1f%ae%x1f%cn%x1f%ce%x1f%s%n%b%x1e e6589b6cea400340779b949be382e9ffa6192f41..HEAD
Merged SHA b16728e7a85b5a2583d29db11cfe5e764d2535c7 with commit message 'fix: polish home page' into base branch master

Showing logs for build [32mmeta-jstrachan-nodey452-pr-1-pr-x6jzz-1[0m stage [32mmeta-pipeline[0m and container [32mstep-merge-pull-refs[0m
DEBUG: JX_LOG_LEVEL=error LC_ALL=C git fetch origin --unshallow b16728e7a85b5a2583d29db11cfe5e764d2535c7: e6589b6cea400340779b949be382e9ffa6192f41:
DEBUG: JX_LOG_LEVEL=error LC_ALL=C git fetch origin b16728e7a85b5a2583d29db11cfe5e764d2535c7: e6589b6cea400340779b949be382e9ffa6192f41:
DEBUG: ran git fetch origin b16728e7a85b5a2583d29db11cfe5e764d2535c7: e6589b6cea400340779b949be382e9ffa6192f41: in 
DEBUG: LC_ALL=C JX_LOG_LEVEL=error git rev-parse --is-shallow-repository
DEBUG: Unshallowed git repo in 
DEBUG: LC_ALL=C JX_LOG_LEVEL=error git branch
DEBUG: LC_ALL=C JX_LOG_LEVEL=error git checkout master
DEBUG: ran git checkout master in 
DEBUG: JX_LOG_LEVEL=error LC_ALL=C git reset --hard e6589b6cea400340779b949be382e9ffa6192f41
DEBUG: ran git reset --hard e6589b6cea400340779b949be382e9ffa6192f41 in 
DEBUG: LC_ALL=C JX_LOG_LEVEL=error git clean -fd .
DEBUG: ran clean --force -d . in 
DEBUG: LC_ALL=C JX_LOG_LEVEL=error git merge b16728e7a85b5a2583d29db11cfe5e764d2535c7
DEBUG: ran git merge b16728e7a85b5a2583d29db11cfe5e764d2535c7 in 
DEBUG: LC_ALL=C JX_LOG_LEVEL=error git log --format=%H%x1f%an%x1f%ae%x1f%cn%x1f%ce%x1f%s%n%b%x1e e6589b6cea400340779b949be382e9ffa6192f41..HEAD
Merged SHA b16728e7a85b5a2583d29db11cfe5e764d2535c7 with commit message 'fix: polish home page' into base branch master

Showing logs for build [32mmeta-jstrachan-nodey452-pr-1-pr-x6jzz-1[0m stage [32mmeta-pipeline[0m and container [32mstep-create-effective-pipeline[0m
error: : failed to clone repository: https://github.com/jenkins-x/**r-versions.git to dir /builder/home/.**/jenkins-x-versions: failed to reset hard to master in directory /builder/home/.**/jenkins-x-versions: git output: fatal: ambiguous argument 'origin/master': unknown revision or path not in the working tree.
Use '--' to separate paths from revisions, like this:
'git <command> [<revision>...] -- [<file>...]': failed to run 'git reset --hard origin/master' command in directory '/builder/home/.**/jenkins-x-versions', output: 'fatal: ambiguous argument 'origin/master': unknown revision or path not in the working tree.
Use '--' to separate paths from revisions, like this:
'git <command> [<revision>...] -- [<file>...]''
[31m
Pipeline failed on stage 'meta-pipeline' : container 'step-create-effective-pipeline'. The execution of the pipeline has stopped.[0m
